$ webpack --config config/webpack.dev.js --mode production --progress --color
Browserslist: caniuse-lite is outdated. Please run:
  npx browserslist@latest --update-db
  Why you should do it regularly: https://github.com/browserslist/browserslist#browsers-data-updating
<s> [webpack.Progress] 0% 

<s> [webpack.Progress] 1% setup before run
<s> [webpack.Progress] 1% setup before run NodeEnvironmentPlugin
<s> [webpack.Progress] 1% setup before run
<s> [webpack.Progress] 2% setup run
<s> [webpack.Progress] 2% setup run webpack-cli
<s> [webpack.Progress] 2% setup run
<s> [webpack.Progress] 4% setup normal module factory
<s> [webpack.Progress] 4% setup normal module factory
<s> [webpack.Progress] 5% setup context module factory
<s> [webpack.Progress] 5% setup context module factory
<s> [webpack.Progress] 6% setup before compile
<s> [webpack.Progress] 6% setup before compile ProgressPlugin
<s> [webpack.Progress] 6% setup before compile
<s> [webpack.Progress] 7% setup compile
<s> [webpack.Progress] 7% setup compile ExternalsPlugin
<s> [webpack.Progress] 7% setup compile
<s> [webpack.Progress] 8% setup compilation
<s> [webpack.Progress] 8% setup compilation CopyPlugin
<s> [webpack.Progress] 8% setup compilation ArrayPushCallbackChunkFormatPlugin
<s> [webpack.Progress] 8% setup compilation JsonpChunkLoadingPlugin
<s> [webpack.Progress] 8% setup compilation StartupChunkDependenciesPlugin
<s> [webpack.Progress] 8% setup compilation ImportScriptsChunkLoadingPlugin
<s> [webpack.Progress] 8% setup compilation FetchCompileWasmPlugin
<s> [webpack.Progress] 8% setup compilation FetchCompileAsyncWasmPlugin
<s> [webpack.Progress] 8% setup compilation AssignLibraryPlugin
<s> [webpack.Progress] 8% setup compilation WorkerPlugin
<s> [webpack.Progress] 8% setup compilation SplitChunksPlugin
<s> [webpack.Progress] 8% setup compilation ResolverCachePlugin
<s> [webpack.Progress] 8% setup compilation ContainerPlugin
<s> [webpack.Progress] 8% setup compilation ConsumeSharedPlugin
<s> [webpack.Progress] 8% setup compilation HtmlWebpackPlugin
<s> [webpack.Progress] 8% setup compilation
<s> [webpack.Progress] 9% setup compilation
<s> [webpack.Progress] 9% setup compilation ProgressPlugin
<s> [webpack.Progress] 9% setup compilation DefinePlugin
<s> [webpack.Progress] 9% setup compilation ChunkPrefetchPreloadPlugin
<s> [webpack.Progress] 9% setup compilation JavascriptModulesPlugin
<s> [webpack.Progress] 9% setup compilation JsonModulesPlugin
<s> [webpack.Progress] 9% setup compilation AssetModulesPlugin
<s> [webpack.Progress] 9% setup compilation EntryPlugin
<s> [webpack.Progress] 9% setup compilation RuntimePlugin
<s> [webpack.Progress] 9% setup compilation InferAsyncModulesPlugin
<s> [webpack.Progress] 9% setup compilation DataUriPlugin
<s> [webpack.Progress] 9% setup compilation FileUriPlugin
<s> [webpack.Progress] 9% setup compilation CompatibilityPlugin
<s> [webpack.Progress] 9% setup compilation HarmonyModulesPlugin
<s> [webpack.Progress] 9% setup compilation AMDPlugin
<s> [webpack.Progress] 9% setup compilation RequireJsStuffPlugin
<s> [webpack.Progress] 9% setup compilation CommonJsPlugin
<s> [webpack.Progress] 9% setup compilation LoaderPlugin
<s> [webpack.Progress] 9% setup compilation LoaderPlugin
<s> [webpack.Progress] 9% setup compilation NodeStuffPlugin
<s> [webpack.Progress] 9% setup compilation APIPlugin
<s> [webpack.Progress] 9% setup compilation ExportsInfoApiPlugin
<s> [webpack.Progress] 9% setup compilation WebpackIsIncludedPlugin
<s> [webpack.Progress] 9% setup compilation ConstPlugin
<s> [webpack.Progress] 9% setup compilation UseStrictPlugin
<s> [webpack.Progress] 9% setup compilation RequireIncludePlugin
<s> [webpack.Progress] 9% setup compilation RequireEnsurePlugin
<s> [webpack.Progress] 9% setup compilation RequireContextPlugin
<s> [webpack.Progress] 9% setup compilation ImportPlugin
<s> [webpack.Progress] 9% setup compilation RequireContextPlugin
<s> [webpack.Progress] 9% setup compilation SystemPlugin
<s> [webpack.Progress] 9% setup compilation ImportMetaPlugin
<s> [webpack.Progress] 9% setup compilation URLPlugin
<s> [webpack.Progress] 9% setup compilation DefaultStatsFactoryPlugin
<s> [webpack.Progress] 9% setup compilation DefaultStatsPresetPlugin
<s> [webpack.Progress] 9% setup compilation DefaultStatsPrinterPlugin
<s> [webpack.Progress] 9% setup compilation JavascriptMetaInfoPlugin
<s> [webpack.Progress] 9% setup compilation EnsureChunkConditionsPlugin
<s> [webpack.Progress] 9% setup compilation RemoveEmptyChunksPlugin
<s> [webpack.Progress] 9% setup compilation MergeDuplicateChunksPlugin
<s> [webpack.Progress] 9% setup compilation FlagIncludedChunksPlugin
<s> [webpack.Progress] 9% setup compilation SideEffectsFlagPlugin
<s> [webpack.Progress] 9% setup compilation FlagDependencyExportsPlugin
<s> [webpack.Progress] 9% setup compilation FlagDependencyUsagePlugin
<s> [webpack.Progress] 9% setup compilation InnerGraphPlugin
<s> [webpack.Progress] 9% setup compilation MangleExportsPlugin
<s> [webpack.Progress] 9% setup compilation ModuleConcatenationPlugin
<s> [webpack.Progress] 9% setup compilation NoEmitOnErrorsPlugin
<s> [webpack.Progress] 9% setup compilation RealContentHashPlugin
<s> [webpack.Progress] 9% setup compilation WasmFinalizeExportsPlugin
<s> [webpack.Progress] 9% setup compilation DeterministicModuleIdsPlugin
<s> [webpack.Progress] 9% setup compilation DeterministicChunkIdsPlugin
<s> [webpack.Progress] 9% setup compilation DefinePlugin
<s> [webpack.Progress] 9% setup compilation TerserPlugin
<s> [webpack.Progress] 9% setup compilation TemplatedPathPlugin
<s> [webpack.Progress] 9% setup compilation RecordIdsPlugin
<s> [webpack.Progress] 9% setup compilation WarnCaseSensitiveModulesPlugin
<s> [webpack.Progress] 9% setup compilation ProvideSharedPlugin
<s> [webpack.Progress] 9% setup compilation ProvideSharedPlugin
<s> [webpack.Progress] 9% setup compilation
<s> [webpack.Progress] 10% building
<s> [webpack.Progress] 10% building 0/1 entries 0/0 dependencies 0/0 modules
<s> [webpack.Progress] 10% building import loader ./node_modules/ts-loader/index.js
<s> [webpack.Progress] 10% building 0/2 entries 3/3 dependencies 0/3 modules
<s> [webpack.Progress] 10% building 0/2 entries 28/28 dependencies 0/27 modules
<s> [webpack.Progress] 10% building 0/2 entries 300/373 dependencies 2/184 modules
<s> [webpack.Progress] 10% building import loader ./node_modules/style-loader/dist/cjs.js
<s> [webpack.Progress] 10% building import loader ./node_modules/css-loader/dist/cjs.js
<s> [webpack.Progress] 10% building import loader ./node_modules/postcss-loader/dist/cjs.js
<s> [webpack.Progress] 10% building 0/2 entries 306/375 dependencies 2/191 modules
<s> [webpack.Progress] 10% building 0/2 entries 637/686 dependencies 11/505 modules
<s> [webpack.Progress] 10% building 0/2 entries 971/1100 dependencies 68/686 modules
<s> [webpack.Progress] 10% building 0/2 entries 1419/1500 dependencies 84/759 modules
<s> [webpack.Progress] 11% building 0/2 entries 2278/2500 dependencies 152/846 modules
<s> [webpack.Progress] 11% building 0/2 entries 2700/2808 dependencies 176/882 modules
<s> [webpack.Progress] 12% building 0/2 entries 3099/3200 dependencies 215/926 modules
<s> [webpack.Progress] 14% building 0/2 entries 3593/3700 dependencies 404/1092 modules
<s> [webpack.Progress] 15% building 0/2 entries 3844/3900 dependencies 508/1151 modules
<s> [webpack.Progress] 17% building 0/2 entries 4511/4578 dependencies 700/1270 modules
<s> [webpack.Progress] 20% building 0/2 entries 4751/4800 dependencies 937/1307 modules
<s> [webpack.Progress] 21% building 0/2 entries 5000/5106 dependencies 1030/1356 modules
<s> [webpack.Progress] 21% building 0/2 entries 5175/5200 dependencies 1061/1375 modules
<s> [webpack.Progress] 21% building 0/2 entries 5600/15381 dependencies 1089/1686 modules
<s> [webpack.Progress] 21% building 0/2 entries 6700/15381 dependencies 1089/2786 modules
<s> [webpack.Progress] 21% building 0/2 entries 7800/15381 dependencies 1089/3886 modules
<s> [webpack.Progress] 21% building 0/2 entries 9000/15381 dependencies 1089/5086 modules
<s> [webpack.Progress] 19% building 0/2 entries 10300/15381 dependencies 1089/6386 modules
<s> [webpack.Progress] 17% building 0/2 entries 11500/15381 dependencies 1089/7586 modules
<s> [webpack.Progress] 16% building 0/2 entries 12700/15381 dependencies 1089/8786 modules
<s> [webpack.Progress] 15% building 0/2 entries 14100/15381 dependencies 1089/10186 modules
<s> [webpack.Progress] 15% building 0/2 entries 15391/15400 dependencies 1113/11354 modules
<s> [webpack.Progress] 15% building 0/2 entries 16716/16800 dependencies 1191/11401 modules
<s> [webpack.Progress] 15% building 0/2 entries 18153/18200 dependencies 1191/11401 modules
<s> [webpack.Progress] 15% building 0/2 entries 19932/20000 dependencies 1191/11401 modules
<s> [webpack.Progress] 15% building 0/2 entries 21532/21600 dependencies 1191/11401 modules
<s> [webpack.Progress] 15% building 0/2 entries 23133/23200 dependencies 1191/11401 modules
<s> [webpack.Progress] 15% building 0/2 entries 25000/25114 dependencies 1191/11401 modules
<s> [webpack.Progress] 15% building 0/2 entries 26981/27100 dependencies 1191/11401 modules
<s> [webpack.Progress] 15% building 0/2 entries 28743/28800 dependencies 1191/11401 modules
<s> [webpack.Progress] 15% building 0/2 entries 30744/30800 dependencies 1191/11401 modules
<s> [webpack.Progress] 15% building 0/2 entries 32816/32900 dependencies 1191/11401 modules
<s> [webpack.Progress] 15% building 0/2 entries 34900/34970 dependencies 1191/11401 modules
<s> [webpack.Progress] 15% building 0/2 entries 35685/35700 dependencies 1231/11425 modules
<s> [webpack.Progress] 63% building 0/2 entries 36000/36074 dependencies 11236/11507 modules
<s> [webpack.Progress] 64% building 1/2 entries 36257/36287 dependencies 11442/11553 modules
<s> [webpack.Progress] 64% building 1/2 entries 36484/36500 dependencies 11482/11589 modules
<s> [webpack.Progress] 65% building 2/2 entries 36802/36802 dependencies 11677/11677 modules
<s> [webpack.Progress] 65% building
<s> [webpack.Progress] 69% building finish
<s> [webpack.Progress] 69% building finish ProvideSharedPlugin
<s> [webpack.Progress] 64% building 3/23 entries 36824/36844 dependencies 11678/11698 modules
<s> [webpack.Progress] 64% building 4/23 entries 36825/36844 dependencies 11679/11698 modules
<s> [webpack.Progress] 64% building 5/23 entries 36826/36844 dependencies 11680/11698 modules
<s> [webpack.Progress] 64% building 6/23 entries 36827/36844 dependencies 11681/11698 modules
<s> [webpack.Progress] 64% building 7/23 entries 36828/36844 dependencies 11682/11698 modules
<s> [webpack.Progress] 64% building 8/23 entries 36829/36844 dependencies 11683/11698 modules
<s> [webpack.Progress] 64% building 9/23 entries 36830/36844 dependencies 11684/11698 modules
<s> [webpack.Progress] 64% building 10/23 entries 36831/36844 dependencies 11685/11698 modules
<s> [webpack.Progress] 64% building 11/23 entries 36832/36844 dependencies 11686/11698 modules
<s> [webpack.Progress] 64% building 12/23 entries 36833/36844 dependencies 11687/11698 modules
<s> [webpack.Progress] 64% building 13/23 entries 36834/36844 dependencies 11688/11698 modules
<s> [webpack.Progress] 64% building 14/23 entries 36835/36844 dependencies 11689/11698 modules
<s> [webpack.Progress] 64% building 15/23 entries 36836/36844 dependencies 11690/11698 modules
<s> [webpack.Progress] 64% building 16/23 entries 36837/36844 dependencies 11691/11698 modules
<s> [webpack.Progress] 64% building 17/23 entries 36838/36844 dependencies 11692/11698 modules
<s> [webpack.Progress] 64% building 18/23 entries 36839/36844 dependencies 11693/11698 modules
<s> [webpack.Progress] 64% building 19/23 entries 36840/36844 dependencies 11694/11698 modules
<s> [webpack.Progress] 64% building 20/23 entries 36841/36844 dependencies 11695/11698 modules
<s> [webpack.Progress] 64% building 21/23 entries 36842/36844 dependencies 11696/11698 modules
<s> [webpack.Progress] 64% building 22/23 entries 36843/36844 dependencies 11697/11698 modules
<s> [webpack.Progress] 65% building 23/23 entries 36844/36844 dependencies 11698/11698 modules
<s> [webpack.Progress] 69% building finish
<s> [webpack.Progress] 70% sealing finish module graph
<s> [webpack.Progress] 70% sealing finish module graph ResolverCachePlugin
<s> [webpack.Progress] 70% sealing finish module graph InferAsyncModulesPlugin
<s> [webpack.Progress] 70% sealing finish module graph FlagDependencyExportsPlugin
<s> [webpack.Progress] 70% sealing finish module graph InnerGraphPlugin
<s> [webpack.Progress] 70% sealing finish module graph WasmFinalizeExportsPlugin
<s> [webpack.Progress] 70% sealing finish module graph AssignLibraryPlugin
<s> [webpack.Progress] 70% sealing finish module graph
<s> [webpack.Progress] 70% sealing plugins
<s> [webpack.Progress] 70% sealing plugins WarnCaseSensitiveModulesPlugin
<s> [webpack.Progress] 70% sealing plugins
<s> [webpack.Progress] 71% sealing dependencies optimization
<s> [webpack.Progress] 71% sealing dependencies optimization SideEffectsFlagPlugin
<s> [webpack.Progress] 71% sealing dependencies optimization FlagDependencyUsagePlugin
<s> [webpack.Progress] 71% sealing dependencies optimization
<s> [webpack.Progress] 71% sealing after dependencies optimization
<s> [webpack.Progress] 71% sealing after dependencies optimization
<s> [webpack.Progress] 72% sealing chunk graph
<s> [webpack.Progress] 72% sealing chunk graph
<s> [webpack.Progress] 73% sealing after chunk graph
<s> [webpack.Progress] 73% sealing after chunk graph
<s> [webpack.Progress] 73% sealing optimizing
<s> [webpack.Progress] 73% sealing optimizing
<s> [webpack.Progress] 74% sealing module optimization
<s> [webpack.Progress] 74% sealing module optimization
<s> [webpack.Progress] 75% sealing after module optimization
<s> [webpack.Progress] 75% sealing after module optimization
<s> [webpack.Progress] 75% sealing chunk optimization
<s> [webpack.Progress] 75% sealing chunk optimization EnsureChunkConditionsPlugin
<s> [webpack.Progress] 75% sealing chunk optimization RemoveEmptyChunksPlugin
<s> [webpack.Progress] 75% sealing chunk optimization MergeDuplicateChunksPlugin
<s> [webpack.Progress] 75% sealing chunk optimization SplitChunksPlugin
<s> [webpack.Progress] 75% sealing chunk optimization RemoveEmptyChunksPlugin
<s> [webpack.Progress] 75% sealing chunk optimization
<s> [webpack.Progress] 76% sealing after chunk optimization
<s> [webpack.Progress] 76% sealing after chunk optimization
<s> [webpack.Progress] 77% sealing module and chunk tree optimization
<s> [webpack.Progress] 77% sealing module and chunk tree optimization PersistentChildCompilerSingletonPlugin
<s> [webpack.Progress] 77% sealing module and chunk tree optimization
<s> [webpack.Progress] 77% sealing after module and chunk tree optimization
<s> [webpack.Progress] 77% sealing after module and chunk tree optimization
<s> [webpack.Progress] 78% sealing chunk modules optimization
<s> [webpack.Progress] 78% sealing chunk modules optimization ModuleConcatenationPlugin
<s> [webpack.Progress] 78% sealing chunk modules optimization
<s> [webpack.Progress] 78% sealing after chunk modules optimization
<s> [webpack.Progress] 78% sealing after chunk modules optimization
<s> [webpack.Progress] 79% sealing module reviving
<s> [webpack.Progress] 79% sealing module reviving RecordIdsPlugin
<s> [webpack.Progress] 79% sealing module reviving
<s> [webpack.Progress] 80% sealing before module ids
<s> [webpack.Progress] 80% sealing before module ids
<s> [webpack.Progress] 80% sealing module ids
<s> [webpack.Progress] 80% sealing module ids DeterministicModuleIdsPlugin
<s> [webpack.Progress] 80% sealing module ids
<s> [webpack.Progress] 81% sealing module id optimization
<s> [webpack.Progress] 81% sealing module id optimization
<s> [webpack.Progress] 82% sealing module id optimization
<s> [webpack.Progress] 82% sealing module id optimization
<s> [webpack.Progress] 82% sealing chunk reviving
<s> [webpack.Progress] 82% sealing chunk reviving RecordIdsPlugin
<s> [webpack.Progress] 82% sealing chunk reviving
<s> [webpack.Progress] 83% sealing before chunk ids
<s> [webpack.Progress] 83% sealing before chunk ids
<s> [webpack.Progress] 84% sealing chunk ids
<s> [webpack.Progress] 84% sealing chunk ids DeterministicChunkIdsPlugin
<s> [webpack.Progress] 84% sealing chunk ids
<s> [webpack.Progress] 84% sealing chunk id optimization
<s> [webpack.Progress] 84% sealing chunk id optimization FlagIncludedChunksPlugin
<s> [webpack.Progress] 84% sealing chunk id optimization
<s> [webpack.Progress] 85% sealing after chunk id optimization
<s> [webpack.Progress] 85% sealing after chunk id optimization
<s> [webpack.Progress] 86% sealing record modules
<s> [webpack.Progress] 86% sealing record modules RecordIdsPlugin
<s> [webpack.Progress] 86% sealing record modules
<s> [webpack.Progress] 86% sealing record chunks
<s> [webpack.Progress] 86% sealing record chunks RecordIdsPlugin
<s> [webpack.Progress] 86% sealing record chunks
<s> [webpack.Progress] 87% sealing module hashing
<s> [webpack.Progress] 87% sealing module hashing
<s> [webpack.Progress] 87% sealing code generation
<s> [webpack.Progress] 87% sealing code generation
<s> [webpack.Progress] 88% sealing runtime requirements
<s> [webpack.Progress] 88% sealing runtime requirements
<s> [webpack.Progress] 89% sealing hashing
<s> [webpack.Progress] 89% sealing hashing
<s> [webpack.Progress] 89% sealing after hashing
<s> [webpack.Progress] 89% sealing after hashing
<s> [webpack.Progress] 90% sealing record hash
<s> [webpack.Progress] 90% sealing record hash
<s> [webpack.Progress] 91% sealing module assets processing
<s> [webpack.Progress] 91% sealing module assets processing
<s> [webpack.Progress] 91% sealing chunk assets processing
<s> [webpack.Progress] 91% sealing chunk assets processing
<s> [webpack.Progress] 92% sealing asset processing
<s> [webpack.Progress] 92% sealing asset processing copy-webpack-plugin
<s> [webpack.Progress] 92% sealing asset processing PersistentChildCompilerSingletonPlugin
<s> [webpack.Progress] 92% sealing asset processing TerserPlugin
<s> [webpack.Progress] 92% sealing asset processing HtmlWebpackPlugin
<s> [webpack.Progress] 92% sealing asset processing RealContentHashPlugin
<s> [webpack.Progress] 92% sealing asset processing
<s> [webpack.Progress] 93% sealing after asset optimization
<s> [webpack.Progress] 93% sealing after asset optimization
<s> [webpack.Progress] 93% sealing recording
<s> [webpack.Progress] 93% sealing recording
<s> [webpack.Progress] 94% sealing after seal
<s> [webpack.Progress] 94% sealing after seal
<s> [webpack.Progress] 95% emitting emit
<s> [webpack.Progress] 95% emitting emit CleanPlugin
<s> [webpack.Progress] 95% emitting emit
<s> [webpack.Progress] 98% emitting after emit
<s> [webpack.Progress] 98% emitting after emit SizeLimitsPlugin
<s> [webpack.Progress] 98% emitting after emit
<s> [webpack.Progress] 99% done plugins
<s> [webpack.Progress] 99% done plugins
<s> [webpack.Progress] 99% 

<s> [webpack.Progress] 99% cache store build dependencies
<s> [webpack.Progress] 99% cache store build dependencies
<s> [webpack.Progress] 99% cache begin idle
<s> [webpack.Progress] 99% cache begin idle
<s> [webpack.Progress] 100% 

<s> [webpack.Progress] 99% cache shutdown
<s> [webpack.Progress] 99% cache shutdown
<s> [webpack.Progress] 100% 

assets by path [1m[32m*.js[39m[22m 6.76 MiB
  assets by status 6.2 MiB [1m[33m[compared for emit][39m[22m
    assets by chunk 5.92 MiB (id hint: vendors) 21 assets
    + 79 assets
  assets by status 575 KiB [1m[32m[emitted][39m[22m
    asset [1m[33m4502.js[39m[22m [1m[33m561 KiB[39m[22m [1m[32m[emitted][39m[22m [1m[32m[minimized][39m[22m [1m[33m[big][39m[22m
    asset [1m[32m3054.js[39m[22m 13.8 KiB [1m[32m[emitted][39m[22m [1m[32m[minimized][39m[22m
assets by path [1m[32mmedia/[39m[22m 1.03 MiB
  assets by path [1m[32mmedia/frames/*.png[39m[22m 287 KiB
    asset [1m[32mmedia/frames/kawaii.png[39m[22m 79.4 KiB [1m[33m[compared for emit][39m[22m [from: public/media/frames/kawaii.png] [1m[32m[copied][39m[22m
    + 7 assets
  assets by path [1m[32mmedia/backgrounds/[39m[22m 771 KiB
    asset [1m[33mmedia/backgrounds/npwd2020.png[39m[22m [1m[33m381 KiB[39m[22m [1m[33m[compared for emit][39m[22m [from: public/media/backgrounds/npwd2020.png] [1m[32m[copied][39m[22m [1m[33m[big][39m[22m
    + 6 assets
asset [1m[32mindex.html[39m[22m 515 bytes [1m[33m[compared for emit][39m[22m
orphan modules 8.24 MiB [1m[33m[orphan][39m[22m 11171 modules
runtime modules 52.9 KiB 28 modules
built modules 10.7 MiB (javascript) 882 bytes (share-init) 882 bytes (consume-shared) [1m[33m[built][39m[22m
  modules by path [1m./node_modules/[39m[22m 9.52 MiB 375 modules
  modules by path [1m./src/[39m[22m 1.18 MiB 104 modules
  provide-module modules 882 bytes 21 modules
  consume-shared-module modules 882 bytes 21 modules
  modules by path [1m../[39m[22m 5.46 KiB
    modules by path [1m../typings/*.ts[39m[22m 2.02 KiB 2 modules
    [1m../config.default.json[39m[22m 1.73 KiB [1m[33m[built][39m[22m [1m[33m[code generated][39m[22m
    [1m../shared/deepMergeObjects.ts[39m[22m 1.72 KiB [1m[33m[built][39m[22m [1m[33m[code generated][39m[22m
  [1mcontainer entry[39m[22m 42 bytes [1m[33m[built][39m[22m [1m[33m[code generated][39m[22m
  [1m./util.inspect (ignored)[39m[22m 15 bytes [1m[33m[built][39m[22m [1m[33m[code generated][39m[22m

[1m[33mWARNING[39m[22m in [1masset size limit: The following asset(s) exceed the recommended size limit (244 KiB).
This can impact web performance.
Assets: 
  4502.js (561 KiB)
  4176.js (299 KiB)
  5537.js (3.73 MiB)
  7974.js (647 KiB)
  9210.js (666 KiB)
  media/backgrounds/npwd2020.png (381 KiB)[39m[22m

webpack 5.74.0 compiled with [1m[33m1 warning[39m[22m in 58095 ms
